[00:36:32] [main/INFO]: Setting user: Player462
[00:36:34] [Client thread/INFO]: LWJGL Version: 2.9.1
[00:36:35] [Client thread/ERROR]: Couldn't initialize twitch stream
[00:36:41] [Client thread/INFO]: Reloading ResourceManager: Default, FMLFileResourcePack:Forge Mod Loader, FMLFileResourcePack:Minecraft Forge, FMLFileResourcePack:Not Enough Items, FMLFileResourcePack:MineRad, FMLFileResourcePack:Waila, FMLFileResourcePack:CoFH Core, FMLFileResourcePack:Thermal Dynamics, FMLFileResourcePack:Thermal Expansion, FMLFileResourcePack:Thermal Foundation
[00:36:44] [Sound Library Loader/INFO]: Sound engine started
[00:36:45] [Client thread/INFO]: Created: 16x16 textures/blocks-atlas
[00:36:45] [Client thread/INFO]: Created: 16x16 textures/items-atlas
[00:36:47] [Client thread/INFO]: Reloading ResourceManager: Default, FMLFileResourcePack:Forge Mod Loader, FMLFileResourcePack:Minecraft Forge, FMLFileResourcePack:Not Enough Items, FMLFileResourcePack:MineRad, FMLFileResourcePack:Waila, FMLFileResourcePack:CoFH Core, FMLFileResourcePack:Thermal Dynamics, FMLFileResourcePack:Thermal Expansion, FMLFileResourcePack:Thermal Foundation
[00:36:47] [Client thread/INFO]: Created: 512x512 textures/blocks-atlas
[00:36:48] [Client thread/INFO]: Created: 512x512 textures/items-atlas
[00:36:48] [Sound Library Loader/INFO]: Sound engine started
[00:37:02] [Server thread/INFO]: Starting integrated minecraft server version 1.7.10
[00:37:02] [Server thread/INFO]: Generating keypair
[00:37:02] [Server thread/INFO]: Preparing start region for level 0
[00:37:03] [Server thread/INFO]: Changing view distance to 6, from 10
[00:37:03] [Server thread/INFO]: Player462[local:E:a2d5d4b4] logged in with entity id 198 at (74.73086215612821, 63.0, 90.75191250606485)
[00:37:03] [Server thread/INFO]: Player462 joined the game
[00:37:11] [Server thread/INFO]: Player462 has just earned the achievement [Taking Inventory]
[00:37:11] [Client thread/INFO]: [CHAT] Player462 has just earned the achievement [Taking Inventory]
[00:37:12] [Client thread/INFO]: Stopping!
[00:37:12] [Server thread/INFO]: Stopping server
[00:37:12] [Server thread/INFO]: Saving players
[00:37:12] [Server thread/INFO]: Saving worlds
[00:37:12] [Server thread/INFO]: Saving chunks for level 'New World'/Overworld
[00:37:12] [Server thread/INFO]: Saving chunks for level 'New World'/Nether
[00:37:12] [Server thread/INFO]: Saving chunks for level 'New World'/The End
[00:37:12] [Client Shutdown Thread/INFO]: Stopping server
[00:37:12] [Client Shutdown Thread/INFO]: Saving players
